2025-09-15 01:40:56 | INFO | Message received from author: Moses
2025-09-15 01:40:56 | INFO | Updated author counts: {'Moses': 1585, 'MK': 528}
2025-09-15 01:40:57 | INFO | Processed JSON message: {'message': 'MK-ALERT: Model drift detected in production.', 'author': 'Moses'}
2025-09-15 01:40:57 | INFO | Message received from author: Moses
2025-09-15 01:40:57 | WARNING | ALERT DETECTED: MK-ALERT pattern matched in message.
2025-09-15 01:40:57 | INFO | Updated author counts: {'Moses': 1586, 'MK': 528}
2025-09-15 01:40:58 | INFO | Processed JSON message: {'message': 'Kafka enables real-time pipelines for streaming use cases.', 'author': 'Moses'}
2025-09-15 01:40:58 | INFO | Message received from author: Moses
2025-09-15 01:40:58 | INFO | Updated author counts: {'Moses': 1587, 'MK': 528}
2025-09-15 01:40:59 | INFO | Processed JSON message: {'message': 'This message was sent by a custom producer script.', 'author': 'MK'}
2025-09-15 01:40:59 | INFO | Message received from author: MK
2025-09-15 01:40:59 | INFO | Updated author counts: {'Moses': 1587, 'MK': 529}
2025-09-15 01:41:00 | INFO | Processed JSON message: {'message': 'Data engineering is powerful.', 'author': 'Moses'}
2025-09-15 01:41:00 | INFO | Message received from author: Moses
2025-09-15 01:41:00 | INFO | Updated author counts: {'Moses': 1588, 'MK': 529}
2025-09-15 01:41:01 | INFO | Processed JSON message: {'message': 'MK-ALERT: Model drift detected in production.', 'author': 'Moses'}
2025-09-15 01:41:01 | INFO | Message received from author: Moses
2025-09-15 01:41:01 | WARNING | ALERT DETECTED: MK-ALERT pattern matched in message.
2025-09-15 01:41:01 | INFO | Updated author counts: {'Moses': 1589, 'MK': 529}
2025-09-15 01:41:02 | INFO | Processed JSON message: {'message': 'Kafka enables real-time pipelines for streaming use cases.', 'author': 'Moses'}
2025-09-15 01:41:02 | INFO | Message received from author: Moses
2025-09-15 01:41:02 | INFO | Updated author counts: {'Moses': 1590, 'MK': 529}
2025-09-15 01:41:03 | INFO | Processed JSON message: {'message': 'This message was sent by a custom producer script.', 'author': 'MK'}
2025-09-15 01:41:03 | INFO | Message received from author: MK
2025-09-15 01:41:03 | INFO | Updated author counts: {'Moses': 1590, 'MK': 530}
2025-09-15 01:41:04 | INFO | Processed JSON message: {'message': 'Data engineering is powerful.', 'author': 'Moses'}
2025-09-15 01:41:04 | INFO | Message received from author: Moses
2025-09-15 01:41:04 | INFO | Updated author counts: {'Moses': 1591, 'MK': 530}
2025-09-15 01:41:05 | INFO | Processed JSON message: {'message': 'MK-ALERT: Model drift detected in production.', 'author': 'Moses'}
2025-09-15 01:41:05 | INFO | Message received from author: Moses
2025-09-15 01:41:05 | WARNING | ALERT DETECTED: MK-ALERT pattern matched in message.
2025-09-15 01:41:05 | INFO | Updated author counts: {'Moses': 1592, 'MK': 530}
2025-09-15 01:41:06 | INFO | Processed JSON message: {'message': 'Kafka enables real-time pipelines for streaming use cases.', 'author': 'Moses'}
2025-09-15 01:41:06 | INFO | Message received from author: Moses
2025-09-15 01:41:06 | INFO | Updated author counts: {'Moses': 1593, 'MK': 530}
2025-09-15 01:41:07 | INFO | Processed JSON message: {'message': 'This message was sent by a custom producer script.', 'author': 'MK'}
2025-09-15 01:41:07 | INFO | Message received from author: MK
2025-09-15 01:41:07 | INFO | Updated author counts: {'Moses': 1593, 'MK': 531}
2025-09-15 01:41:08 | INFO | Processed JSON message: {'message': 'Data engineering is powerful.', 'author': 'Moses'}
2025-09-15 01:41:08 | INFO | Message received from author: Moses
2025-09-15 01:41:08 | INFO | Updated author counts: {'Moses': 1594, 'MK': 531}
2025-09-15 01:41:09 | INFO | Processed JSON message: {'message': 'MK-ALERT: Model drift detected in production.', 'author': 'Moses'}
2025-09-15 01:41:09 | INFO | Message received from author: Moses
2025-09-15 01:41:09 | WARNING | ALERT DETECTED: MK-ALERT pattern matched in message.
2025-09-15 01:41:09 | INFO | Updated author counts: {'Moses': 1595, 'MK': 531}
2025-09-15 01:41:10 | INFO | Processed JSON message: {'message': 'Kafka enables real-time pipelines for streaming use cases.', 'author': 'Moses'}
2025-09-15 01:41:10 | INFO | Message received from author: Moses
2025-09-15 01:41:10 | INFO | Updated author counts: {'Moses': 1596, 'MK': 531}
2025-09-15 01:41:11 | INFO | Processed JSON message: {'message': 'This message was sent by a custom producer script.', 'author': 'MK'}
2025-09-15 01:41:11 | INFO | Message received from author: MK
2025-09-15 01:41:11 | INFO | Updated author counts: {'Moses': 1596, 'MK': 532}
2025-09-15 01:41:12 | INFO | Processed JSON message: {'message': 'Data engineering is powerful.', 'author': 'Moses'}
2025-09-15 01:41:12 | INFO | Message received from author: Moses
2025-09-15 01:41:12 | INFO | Updated author counts: {'Moses': 1597, 'MK': 532}
2025-09-15 01:41:13 | INFO | Processed JSON message: {'message': 'MK-ALERT: Model drift detected in production.', 'author': 'Moses'}
2025-09-15 01:41:13 | INFO | Message received from author: Moses
2025-09-15 01:41:13 | WARNING | ALERT DETECTED: MK-ALERT pattern matched in message.
2025-09-15 01:41:13 | INFO | Updated author counts: {'Moses': 1598, 'MK': 532}
2025-09-15 01:41:14 | INFO | Processed JSON message: {'message': 'Kafka enables real-time pipelines for streaming use cases.', 'author': 'Moses'}
2025-09-15 01:41:14 | INFO | Message received from author: Moses
2025-09-15 01:41:14 | INFO | Updated author counts: {'Moses': 1599, 'MK': 532}
2025-09-15 01:41:15 | INFO | Processed JSON message: {'message': 'This message was sent by a custom producer script.', 'author': 'MK'}
2025-09-15 01:41:15 | INFO | Message received from author: MK
2025-09-15 01:41:15 | INFO | Updated author counts: {'Moses': 1599, 'MK': 533}
2025-09-15 01:41:16 | INFO | Processed JSON message: {'message': 'Data engineering is powerful.', 'author': 'Moses'}
2025-09-15 01:41:16 | INFO | Message received from author: Moses
2025-09-15 01:41:16 | INFO | Updated author counts: {'Moses': 1600, 'MK': 533}
2025-09-15 01:41:17 | INFO | Processed JSON message: {'message': 'MK-ALERT: Model drift detected in production.', 'author': 'Moses'}
2025-09-15 01:41:17 | INFO | Message received from author: Moses
2025-09-15 01:41:17 | WARNING | ALERT DETECTED: MK-ALERT pattern matched in message.
2025-09-15 01:41:17 | INFO | Updated author counts: {'Moses': 1601, 'MK': 533}
2025-09-15 01:41:18 | INFO | Processed JSON message: {'message': 'Kafka enables real-time pipelines for streaming use cases.', 'author': 'Moses'}
2025-09-15 01:41:18 | INFO | Message received from author: Moses
2025-09-15 01:41:18 | INFO | Updated author counts: {'Moses': 1602, 'MK': 533}
2025-09-15 01:41:19 | INFO | Processed JSON message: {'message': 'This message was sent by a custom producer script.', 'author': 'MK'}
2025-09-15 01:41:19 | INFO | Message received from author: MK
2025-09-15 01:41:19 | INFO | Updated author counts: {'Moses': 1602, 'MK': 534}
2025-09-15 01:41:20 | INFO | Processed JSON message: {'message': 'Data engineering is powerful.', 'author': 'Moses'}
2025-09-15 01:41:20 | INFO | Message received from author: Moses
2025-09-15 01:41:20 | INFO | Updated author counts: {'Moses': 1603, 'MK': 534}
2025-09-15 01:41:21 | INFO | Processed JSON message: {'message': 'MK-ALERT: Model drift detected in production.', 'author': 'Moses'}
2025-09-15 01:41:21 | INFO | Message received from author: Moses
2025-09-15 01:41:21 | WARNING | ALERT DETECTED: MK-ALERT pattern matched in message.
2025-09-15 01:41:21 | INFO | Updated author counts: {'Moses': 1604, 'MK': 534}
2025-09-15 01:41:22 | INFO | Processed JSON message: {'message': 'Kafka enables real-time pipelines for streaming use cases.', 'author': 'Moses'}
2025-09-15 01:41:22 | INFO | Message received from author: Moses
2025-09-15 01:41:22 | INFO | Updated author counts: {'Moses': 1605, 'MK': 534}
2025-09-15 01:41:23 | INFO | Processed JSON message: {'message': 'This message was sent by a custom producer script.', 'author': 'MK'}
2025-09-15 01:41:23 | INFO | Message received from author: MK
2025-09-15 01:41:23 | INFO | Updated author counts: {'Moses': 1605, 'MK': 535}
2025-09-15 01:41:24 | INFO | Processed JSON message: {'message': 'Data engineering is powerful.', 'author': 'Moses'}
2025-09-15 01:41:24 | INFO | Message received from author: Moses
2025-09-15 01:41:24 | INFO | Updated author counts: {'Moses': 1606, 'MK': 535}
2025-09-15 01:41:25 | INFO | Processed JSON message: {'message': 'MK-ALERT: Model drift detected in production.', 'author': 'Moses'}
2025-09-15 01:41:25 | INFO | Message received from author: Moses
2025-09-15 01:41:25 | WARNING | ALERT DETECTED: MK-ALERT pattern matched in message.
2025-09-15 01:41:25 | INFO | Updated author counts: {'Moses': 1607, 'MK': 535}
2025-09-15 01:41:26 | INFO | Processed JSON message: {'message': 'Kafka enables real-time pipelines for streaming use cases.', 'author': 'Moses'}
2025-09-15 01:41:26 | INFO | Message received from author: Moses
2025-09-15 01:41:26 | INFO | Updated author counts: {'Moses': 1608, 'MK': 535}
2025-09-15 01:41:27 | INFO | Processed JSON message: {'message': 'This message was sent by a custom producer script.', 'author': 'MK'}
2025-09-15 01:41:27 | INFO | Message received from author: MK
2025-09-15 01:41:27 | INFO | Updated author counts: {'Moses': 1608, 'MK': 536}
2025-09-15 01:41:28 | INFO | Processed JSON message: {'message': 'Data engineering is powerful.', 'author': 'Moses'}
2025-09-15 01:41:28 | INFO | Message received from author: Moses
2025-09-15 01:41:28 | INFO | Updated author counts: {'Moses': 1609, 'MK': 536}
2025-09-15 01:41:29 | INFO | Processed JSON message: {'message': 'MK-ALERT: Model drift detected in production.', 'author': 'Moses'}
2025-09-15 01:41:29 | INFO | Message received from author: Moses
2025-09-15 01:41:29 | WARNING | ALERT DETECTED: MK-ALERT pattern matched in message.
2025-09-15 01:41:29 | INFO | Updated author counts: {'Moses': 1610, 'MK': 536}
2025-09-15 01:41:30 | INFO | Processed JSON message: {'message': 'Kafka enables real-time pipelines for streaming use cases.', 'author': 'Moses'}
2025-09-15 01:41:30 | INFO | Message received from author: Moses
2025-09-15 01:41:30 | INFO | Updated author counts: {'Moses': 1611, 'MK': 536}
2025-09-15 01:41:31 | INFO | Processed JSON message: {'message': 'This message was sent by a custom producer script.', 'author': 'MK'}
2025-09-15 01:41:31 | INFO | Message received from author: MK
2025-09-15 01:41:31 | INFO | Updated author counts: {'Moses': 1611, 'MK': 537}
2025-09-15 01:41:32 | INFO | Processed JSON message: {'message': 'Data engineering is powerful.', 'author': 'Moses'}
2025-09-15 01:41:32 | INFO | Message received from author: Moses
2025-09-15 01:41:32 | INFO | Updated author counts: {'Moses': 1612, 'MK': 537}
2025-09-15 01:41:33 | INFO | Processed JSON message: {'message': 'MK-ALERT: Model drift detected in production.', 'author': 'Moses'}
2025-09-15 01:41:33 | INFO | Message received from author: Moses
2025-09-15 01:41:33 | WARNING | ALERT DETECTED: MK-ALERT pattern matched in message.
2025-09-15 01:41:33 | INFO | Updated author counts: {'Moses': 1613, 'MK': 537}
2025-09-15 01:41:34 | INFO | Processed JSON message: {'message': 'Kafka enables real-time pipelines for streaming use cases.', 'author': 'Moses'}
2025-09-15 01:41:34 | INFO | Message received from author: Moses
2025-09-15 01:41:34 | INFO | Updated author counts: {'Moses': 1614, 'MK': 537}
2025-09-15 01:41:35 | INFO | Processed JSON message: {'message': 'This message was sent by a custom producer script.', 'author': 'MK'}
2025-09-15 01:41:35 | INFO | Message received from author: MK
2025-09-15 01:41:35 | INFO | Updated author counts: {'Moses': 1614, 'MK': 538}
2025-09-15 01:41:36 | INFO | Processed JSON message: {'message': 'Data engineering is powerful.', 'author': 'Moses'}
2025-09-15 01:41:36 | INFO | Message received from author: Moses
2025-09-15 01:41:36 | INFO | Updated author counts: {'Moses': 1615, 'MK': 538}
2025-09-15 01:41:37 | INFO | Processed JSON message: {'message': 'MK-ALERT: Model drift detected in production.', 'author': 'Moses'}
2025-09-15 01:41:37 | INFO | Message received from author: Moses
2025-09-15 01:41:37 | WARNING | ALERT DETECTED: MK-ALERT pattern matched in message.
2025-09-15 01:41:37 | INFO | Updated author counts: {'Moses': 1616, 'MK': 538}
2025-09-15 01:41:38 | INFO | Processed JSON message: {'message': 'Kafka enables real-time pipelines for streaming use cases.', 'author': 'Moses'}
2025-09-15 01:41:38 | INFO | Message received from author: Moses
2025-09-15 01:41:38 | INFO | Updated author counts: {'Moses': 1617, 'MK': 538}
2025-09-15 01:41:39 | INFO | Processed JSON message: {'message': 'This message was sent by a custom producer script.', 'author': 'MK'}
2025-09-15 01:41:39 | INFO | Message received from author: MK
2025-09-15 01:41:39 | INFO | Updated author counts: {'Moses': 1617, 'MK': 539}
2025-09-15 01:41:40 | INFO | Processed JSON message: {'message': 'Data engineering is powerful.', 'author': 'Moses'}
2025-09-15 01:41:40 | INFO | Message received from author: Moses
2025-09-15 01:41:40 | INFO | Updated author counts: {'Moses': 1618, 'MK': 539}
2025-09-15 01:41:41 | INFO | Processed JSON message: {'message': 'MK-ALERT: Model drift detected in production.', 'author': 'Moses'}
2025-09-15 01:41:41 | INFO | Message received from author: Moses
2025-09-15 01:41:41 | WARNING | ALERT DETECTED: MK-ALERT pattern matched in message.
2025-09-15 01:41:41 | INFO | Updated author counts: {'Moses': 1619, 'MK': 539}
2025-09-15 01:41:42 | INFO | Processed JSON message: {'message': 'Kafka enables real-time pipelines for streaming use cases.', 'author': 'Moses'}
2025-09-15 01:41:42 | INFO | Message received from author: Moses
2025-09-15 01:41:42 | INFO | Updated author counts: {'Moses': 1620, 'MK': 539}
2025-09-15 01:41:43 | INFO | Processed JSON message: {'message': 'This message was sent by a custom producer script.', 'author': 'MK'}
2025-09-15 01:41:43 | INFO | Message received from author: MK
2025-09-15 01:41:43 | INFO | Updated author counts: {'Moses': 1620, 'MK': 540}
2025-09-15 01:41:44 | INFO | Processed JSON message: {'message': 'Data engineering is powerful.', 'author': 'Moses'}
2025-09-15 01:41:44 | INFO | Message received from author: Moses
2025-09-15 01:41:44 | INFO | Updated author counts: {'Moses': 1621, 'MK': 540}
2025-09-15 01:41:45 | INFO | Processed JSON message: {'message': 'MK-ALERT: Model drift detected in production.', 'author': 'Moses'}
2025-09-15 01:41:45 | INFO | Message received from author: Moses
2025-09-15 01:41:45 | WARNING | ALERT DETECTED: MK-ALERT pattern matched in message.
2025-09-15 01:41:45 | INFO | Updated author counts: {'Moses': 1622, 'MK': 540}
2025-09-15 01:41:46 | INFO | Processed JSON message: {'message': 'Kafka enables real-time pipelines for streaming use cases.', 'author': 'Moses'}
2025-09-15 01:41:46 | INFO | Message received from author: Moses
2025-09-15 01:41:46 | INFO | Updated author counts: {'Moses': 1623, 'MK': 540}
2025-09-15 01:41:47 | INFO | Processed JSON message: {'message': 'This message was sent by a custom producer script.', 'author': 'MK'}
2025-09-15 01:41:47 | INFO | Message received from author: MK
2025-09-15 01:41:47 | INFO | Updated author counts: {'Moses': 1623, 'MK': 541}
2025-09-15 01:41:48 | INFO | Processed JSON message: {'message': 'Data engineering is powerful.', 'author': 'Moses'}
2025-09-15 01:41:48 | INFO | Message received from author: Moses
2025-09-15 01:41:48 | INFO | Updated author counts: {'Moses': 1624, 'MK': 541}
2025-09-15 01:41:49 | INFO | Processed JSON message: {'message': 'MK-ALERT: Model drift detected in production.', 'author': 'Moses'}
2025-09-15 01:41:49 | INFO | Message received from author: Moses
2025-09-15 01:41:49 | WARNING | ALERT DETECTED: MK-ALERT pattern matched in message.
2025-09-15 01:41:49 | INFO | Updated author counts: {'Moses': 1625, 'MK': 541}
2025-09-15 01:41:50 | INFO | Processed JSON message: {'message': 'Kafka enables real-time pipelines for streaming use cases.', 'author': 'Moses'}
2025-09-15 01:41:50 | INFO | Message received from author: Moses
2025-09-15 01:41:50 | INFO | Updated author counts: {'Moses': 1626, 'MK': 541}
2025-09-15 01:41:51 | INFO | Processed JSON message: {'message': 'This message was sent by a custom producer script.', 'author': 'MK'}
2025-09-15 01:41:51 | INFO | Message received from author: MK
2025-09-15 01:41:51 | INFO | Updated author counts: {'Moses': 1626, 'MK': 542}
2025-09-15 01:41:52 | INFO | Processed JSON message: {'message': 'Data engineering is powerful.', 'author': 'Moses'}
2025-09-15 01:41:52 | INFO | Message received from author: Moses
2025-09-15 01:41:52 | INFO | Updated author counts: {'Moses': 1627, 'MK': 542}
2025-09-15 01:41:53 | INFO | Processed JSON message: {'message': 'MK-ALERT: Model drift detected in production.', 'author': 'Moses'}
2025-09-15 01:41:53 | INFO | Message received from author: Moses
2025-09-15 01:41:53 | WARNING | ALERT DETECTED: MK-ALERT pattern matched in message.
2025-09-15 01:41:53 | INFO | Updated author counts: {'Moses': 1628, 'MK': 542}
2025-09-15 01:41:54 | INFO | Processed JSON message: {'message': 'Kafka enables real-time pipelines for streaming use cases.', 'author': 'Moses'}
2025-09-15 01:41:54 | INFO | Message received from author: Moses
2025-09-15 01:41:54 | INFO | Updated author counts: {'Moses': 1629, 'MK': 542}
2025-09-15 01:41:55 | INFO | Processed JSON message: {'message': 'This message was sent by a custom producer script.', 'author': 'MK'}
2025-09-15 01:41:55 | INFO | Message received from author: MK
2025-09-15 01:41:55 | INFO | Updated author counts: {'Moses': 1629, 'MK': 543}
2025-09-15 01:41:56 | INFO | Processed JSON message: {'message': 'Data engineering is powerful.', 'author': 'Moses'}
2025-09-15 01:41:56 | INFO | Message received from author: Moses
2025-09-15 01:41:56 | INFO | Updated author counts: {'Moses': 1630, 'MK': 543}
2025-09-15 01:41:57 | INFO | Processed JSON message: {'message': 'MK-ALERT: Model drift detected in production.', 'author': 'Moses'}
2025-09-15 01:41:57 | INFO | Message received from author: Moses
2025-09-15 01:41:57 | WARNING | ALERT DETECTED: MK-ALERT pattern matched in message.
2025-09-15 01:41:57 | INFO | Updated author counts: {'Moses': 1631, 'MK': 543}
2025-09-15 01:41:58 | INFO | Processed JSON message: {'message': 'Kafka enables real-time pipelines for streaming use cases.', 'author': 'Moses'}
2025-09-15 01:41:58 | INFO | Message received from author: Moses
2025-09-15 01:41:58 | INFO | Updated author counts: {'Moses': 1632, 'MK': 543}
2025-09-15 01:41:59 | INFO | Processed JSON message: {'message': 'This message was sent by a custom producer script.', 'author': 'MK'}
2025-09-15 01:41:59 | INFO | Message received from author: MK
2025-09-15 01:41:59 | INFO | Updated author counts: {'Moses': 1632, 'MK': 544}
2025-09-15 01:42:00 | INFO | Processed JSON message: {'message': 'Data engineering is powerful.', 'author': 'Moses'}
2025-09-15 01:42:00 | INFO | Message received from author: Moses
2025-09-15 01:42:00 | INFO | Updated author counts: {'Moses': 1633, 'MK': 544}
2025-09-15 01:42:01 | INFO | Processed JSON message: {'message': 'MK-ALERT: Model drift detected in production.', 'author': 'Moses'}
2025-09-15 01:42:01 | INFO | Message received from author: Moses
2025-09-15 01:42:01 | WARNING | ALERT DETECTED: MK-ALERT pattern matched in message.
2025-09-15 01:42:01 | INFO | Updated author counts: {'Moses': 1634, 'MK': 544}
2025-09-15 01:42:02 | INFO | Processed JSON message: {'message': 'Kafka enables real-time pipelines for streaming use cases.', 'author': 'Moses'}
2025-09-15 01:42:02 | INFO | Message received from author: Moses
2025-09-15 01:42:02 | INFO | Updated author counts: {'Moses': 1635, 'MK': 544}
2025-09-15 01:42:03 | INFO | Processed JSON message: {'message': 'This message was sent by a custom producer script.', 'author': 'MK'}
2025-09-15 01:42:03 | INFO | Message received from author: MK
2025-09-15 01:42:03 | INFO | Updated author counts: {'Moses': 1635, 'MK': 545}
2025-09-15 01:42:04 | INFO | Processed JSON message: {'message': 'Data engineering is powerful.', 'author': 'Moses'}
2025-09-15 01:42:04 | INFO | Message received from author: Moses
2025-09-15 01:42:04 | INFO | Updated author counts: {'Moses': 1636, 'MK': 545}
2025-09-15 01:42:05 | INFO | Processed JSON message: {'message': 'MK-ALERT: Model drift detected in production.', 'author': 'Moses'}
2025-09-15 01:42:05 | INFO | Message received from author: Moses
2025-09-15 01:42:05 | WARNING | ALERT DETECTED: MK-ALERT pattern matched in message.
2025-09-15 01:42:05 | INFO | Updated author counts: {'Moses': 1637, 'MK': 545}
2025-09-15 01:42:06 | INFO | Processed JSON message: {'message': 'Kafka enables real-time pipelines for streaming use cases.', 'author': 'Moses'}
2025-09-15 01:42:06 | INFO | Message received from author: Moses
2025-09-15 01:42:06 | INFO | Updated author counts: {'Moses': 1638, 'MK': 545}
2025-09-15 01:42:08 | INFO | Processed JSON message: {'message': 'This message was sent by a custom producer script.', 'author': 'MK'}
2025-09-15 01:42:08 | INFO | Message received from author: MK
2025-09-15 01:42:08 | INFO | Updated author counts: {'Moses': 1638, 'MK': 546}
2025-09-15 01:42:09 | INFO | Processed JSON message: {'message': 'Data engineering is powerful.', 'author': 'Moses'}
2025-09-15 01:42:09 | INFO | Message received from author: Moses
2025-09-15 01:42:09 | INFO | Updated author counts: {'Moses': 1639, 'MK': 546}
2025-09-15 01:42:10 | INFO | Processed JSON message: {'message': 'MK-ALERT: Model drift detected in production.', 'author': 'Moses'}
2025-09-15 01:42:10 | INFO | Message received from author: Moses
2025-09-15 01:42:10 | WARNING | ALERT DETECTED: MK-ALERT pattern matched in message.
2025-09-15 01:42:10 | INFO | Updated author counts: {'Moses': 1640, 'MK': 546}
2025-09-15 01:42:11 | INFO | Processed JSON message: {'message': 'Kafka enables real-time pipelines for streaming use cases.', 'author': 'Moses'}
2025-09-15 01:42:11 | INFO | Message received from author: Moses
2025-09-15 01:42:11 | INFO | Updated author counts: {'Moses': 1641, 'MK': 546}
2025-09-15 01:42:12 | INFO | Processed JSON message: {'message': 'This message was sent by a custom producer script.', 'author': 'MK'}
2025-09-15 01:42:12 | INFO | Message received from author: MK
2025-09-15 01:42:12 | INFO | Updated author counts: {'Moses': 1641, 'MK': 547}
2025-09-15 01:42:13 | INFO | Processed JSON message: {'message': 'Data engineering is powerful.', 'author': 'Moses'}
2025-09-15 01:42:13 | INFO | Message received from author: Moses
2025-09-15 01:42:13 | INFO | Updated author counts: {'Moses': 1642, 'MK': 547}
2025-09-15 01:42:14 | INFO | Processed JSON message: {'message': 'MK-ALERT: Model drift detected in production.', 'author': 'Moses'}
2025-09-15 01:42:14 | INFO | Message received from author: Moses
2025-09-15 01:42:14 | WARNING | ALERT DETECTED: MK-ALERT pattern matched in message.
2025-09-15 01:42:14 | INFO | Updated author counts: {'Moses': 1643, 'MK': 547}
2025-09-15 01:42:15 | INFO | Processed JSON message: {'message': 'Kafka enables real-time pipelines for streaming use cases.', 'author': 'Moses'}
2025-09-15 01:42:15 | INFO | Message received from author: Moses
2025-09-15 01:42:15 | INFO | Updated author counts: {'Moses': 1644, 'MK': 547}
2025-09-15 01:42:16 | INFO | Processed JSON message: {'message': 'This message was sent by a custom producer script.', 'author': 'MK'}
2025-09-15 01:42:16 | INFO | Message received from author: MK
2025-09-15 01:42:16 | INFO | Updated author counts: {'Moses': 1644, 'MK': 548}
2025-09-15 01:42:17 | INFO | Processed JSON message: {'message': 'Data engineering is powerful.', 'author': 'Moses'}
2025-09-15 01:42:17 | INFO | Message received from author: Moses
2025-09-15 01:42:17 | INFO | Updated author counts: {'Moses': 1645, 'MK': 548}
2025-09-15 01:42:18 | INFO | Processed JSON message: {'message': 'MK-ALERT: Model drift detected in production.', 'author': 'Moses'}
2025-09-15 01:42:18 | INFO | Message received from author: Moses
2025-09-15 01:42:18 | WARNING | ALERT DETECTED: MK-ALERT pattern matched in message.
2025-09-15 01:42:18 | INFO | Updated author counts: {'Moses': 1646, 'MK': 548}
2025-09-15 01:42:19 | INFO | Processed JSON message: {'message': 'Kafka enables real-time pipelines for streaming use cases.', 'author': 'Moses'}
2025-09-15 01:42:19 | INFO | Message received from author: Moses
2025-09-15 01:42:19 | INFO | Updated author counts: {'Moses': 1647, 'MK': 548}
2025-09-15 01:42:20 | INFO | Processed JSON message: {'message': 'This message was sent by a custom producer script.', 'author': 'MK'}
2025-09-15 01:42:20 | INFO | Message received from author: MK
2025-09-15 01:42:20 | INFO | Updated author counts: {'Moses': 1647, 'MK': 549}
2025-09-15 01:42:21 | INFO | Processed JSON message: {'message': 'Data engineering is powerful.', 'author': 'Moses'}
2025-09-15 01:42:21 | INFO | Message received from author: Moses
2025-09-15 01:42:21 | INFO | Updated author counts: {'Moses': 1648, 'MK': 549}
2025-09-15 01:42:22 | INFO | Processed JSON message: {'message': 'MK-ALERT: Model drift detected in production.', 'author': 'Moses'}
2025-09-15 01:42:22 | INFO | Message received from author: Moses
2025-09-15 01:42:22 | WARNING | ALERT DETECTED: MK-ALERT pattern matched in message.
2025-09-15 01:42:22 | INFO | Updated author counts: {'Moses': 1649, 'MK': 549}
2025-09-15 01:42:23 | INFO | Processed JSON message: {'message': 'Kafka enables real-time pipelines for streaming use cases.', 'author': 'Moses'}
2025-09-15 01:42:23 | INFO | Message received from author: Moses
2025-09-15 01:42:23 | INFO | Updated author counts: {'Moses': 1650, 'MK': 549}
2025-09-15 01:42:24 | INFO | Processed JSON message: {'message': 'This message was sent by a custom producer script.', 'author': 'MK'}
2025-09-15 01:42:24 | INFO | Message received from author: MK
2025-09-15 01:42:24 | INFO | Updated author counts: {'Moses': 1650, 'MK': 550}
2025-09-15 01:42:25 | INFO | Processed JSON message: {'message': 'Data engineering is powerful.', 'author': 'Moses'}
2025-09-15 01:42:25 | INFO | Message received from author: Moses
2025-09-15 01:42:25 | INFO | Updated author counts: {'Moses': 1651, 'MK': 550}
2025-09-15 01:42:26 | INFO | Processed JSON message: {'message': 'MK-ALERT: Model drift detected in production.', 'author': 'Moses'}
2025-09-15 01:42:26 | INFO | Message received from author: Moses
2025-09-15 01:42:26 | WARNING | ALERT DETECTED: MK-ALERT pattern matched in message.
2025-09-15 01:42:26 | INFO | Updated author counts: {'Moses': 1652, 'MK': 550}
