2025-09-15 01:40:59 | INFO | Sent message to topic 'buzzline_json': {'message': 'Data engineering is powerful.', 'author': 'Moses'}
2025-09-15 01:41:00 | INFO | Sent message to topic 'buzzline_json': {'message': 'MK-ALERT: Model drift detected in production.', 'author': 'Moses'}
2025-09-15 01:41:01 | INFO | Sent message to topic 'buzzline_json': {'message': 'Kafka enables real-time pipelines for streaming use cases.', 'author': 'Moses'}
2025-09-15 01:41:02 | INFO | Sent message to topic 'buzzline_json': {'message': 'This message was sent by a custom producer script.', 'author': 'MK'}
2025-09-15 01:41:03 | INFO | Opening data file in read mode: /Users/USER/buzzline-03-moses/data/buzz.json
2025-09-15 01:41:03 | INFO | Reading data from file: /Users/USER/buzzline-03-moses/data/buzz.json
2025-09-15 01:41:03 | INFO | Sent message to topic 'buzzline_json': {'message': 'Data engineering is powerful.', 'author': 'Moses'}
2025-09-15 01:41:04 | INFO | Sent message to topic 'buzzline_json': {'message': 'MK-ALERT: Model drift detected in production.', 'author': 'Moses'}
2025-09-15 01:41:05 | INFO | Sent message to topic 'buzzline_json': {'message': 'Kafka enables real-time pipelines for streaming use cases.', 'author': 'Moses'}
2025-09-15 01:41:06 | INFO | Sent message to topic 'buzzline_json': {'message': 'This message was sent by a custom producer script.', 'author': 'MK'}
2025-09-15 01:41:07 | INFO | Opening data file in read mode: /Users/USER/buzzline-03-moses/data/buzz.json
2025-09-15 01:41:07 | INFO | Reading data from file: /Users/USER/buzzline-03-moses/data/buzz.json
2025-09-15 01:41:07 | INFO | Sent message to topic 'buzzline_json': {'message': 'Data engineering is powerful.', 'author': 'Moses'}
2025-09-15 01:41:08 | INFO | Sent message to topic 'buzzline_json': {'message': 'MK-ALERT: Model drift detected in production.', 'author': 'Moses'}
2025-09-15 01:41:09 | INFO | Sent message to topic 'buzzline_json': {'message': 'Kafka enables real-time pipelines for streaming use cases.', 'author': 'Moses'}
2025-09-15 01:41:10 | INFO | Sent message to topic 'buzzline_json': {'message': 'This message was sent by a custom producer script.', 'author': 'MK'}
2025-09-15 01:41:11 | INFO | Opening data file in read mode: /Users/USER/buzzline-03-moses/data/buzz.json
2025-09-15 01:41:11 | INFO | Reading data from file: /Users/USER/buzzline-03-moses/data/buzz.json
2025-09-15 01:41:11 | INFO | Sent message to topic 'buzzline_json': {'message': 'Data engineering is powerful.', 'author': 'Moses'}
2025-09-15 01:41:12 | INFO | Sent message to topic 'buzzline_json': {'message': 'MK-ALERT: Model drift detected in production.', 'author': 'Moses'}
2025-09-15 01:41:13 | INFO | Sent message to topic 'buzzline_json': {'message': 'Kafka enables real-time pipelines for streaming use cases.', 'author': 'Moses'}
2025-09-15 01:41:14 | INFO | Sent message to topic 'buzzline_json': {'message': 'This message was sent by a custom producer script.', 'author': 'MK'}
2025-09-15 01:41:15 | INFO | Opening data file in read mode: /Users/USER/buzzline-03-moses/data/buzz.json
2025-09-15 01:41:15 | INFO | Reading data from file: /Users/USER/buzzline-03-moses/data/buzz.json
2025-09-15 01:41:15 | INFO | Sent message to topic 'buzzline_json': {'message': 'Data engineering is powerful.', 'author': 'Moses'}
2025-09-15 01:41:16 | INFO | Sent message to topic 'buzzline_json': {'message': 'MK-ALERT: Model drift detected in production.', 'author': 'Moses'}
2025-09-15 01:41:17 | INFO | Sent message to topic 'buzzline_json': {'message': 'Kafka enables real-time pipelines for streaming use cases.', 'author': 'Moses'}
2025-09-15 01:41:18 | INFO | Sent message to topic 'buzzline_json': {'message': 'This message was sent by a custom producer script.', 'author': 'MK'}
2025-09-15 01:41:19 | INFO | Opening data file in read mode: /Users/USER/buzzline-03-moses/data/buzz.json
2025-09-15 01:41:19 | INFO | Reading data from file: /Users/USER/buzzline-03-moses/data/buzz.json
2025-09-15 01:41:19 | INFO | Sent message to topic 'buzzline_json': {'message': 'Data engineering is powerful.', 'author': 'Moses'}
2025-09-15 01:41:20 | INFO | Sent message to topic 'buzzline_json': {'message': 'MK-ALERT: Model drift detected in production.', 'author': 'Moses'}
2025-09-15 01:41:21 | INFO | Sent message to topic 'buzzline_json': {'message': 'Kafka enables real-time pipelines for streaming use cases.', 'author': 'Moses'}
2025-09-15 01:41:22 | INFO | Sent message to topic 'buzzline_json': {'message': 'This message was sent by a custom producer script.', 'author': 'MK'}
2025-09-15 01:41:23 | INFO | Opening data file in read mode: /Users/USER/buzzline-03-moses/data/buzz.json
2025-09-15 01:41:23 | INFO | Reading data from file: /Users/USER/buzzline-03-moses/data/buzz.json
2025-09-15 01:41:23 | INFO | Sent message to topic 'buzzline_json': {'message': 'Data engineering is powerful.', 'author': 'Moses'}
2025-09-15 01:41:24 | INFO | Sent message to topic 'buzzline_json': {'message': 'MK-ALERT: Model drift detected in production.', 'author': 'Moses'}
2025-09-15 01:41:25 | INFO | Sent message to topic 'buzzline_json': {'message': 'Kafka enables real-time pipelines for streaming use cases.', 'author': 'Moses'}
2025-09-15 01:41:26 | INFO | Sent message to topic 'buzzline_json': {'message': 'This message was sent by a custom producer script.', 'author': 'MK'}
2025-09-15 01:41:27 | INFO | Opening data file in read mode: /Users/USER/buzzline-03-moses/data/buzz.json
2025-09-15 01:41:27 | INFO | Reading data from file: /Users/USER/buzzline-03-moses/data/buzz.json
2025-09-15 01:41:27 | INFO | Sent message to topic 'buzzline_json': {'message': 'Data engineering is powerful.', 'author': 'Moses'}
2025-09-15 01:41:28 | INFO | Sent message to topic 'buzzline_json': {'message': 'MK-ALERT: Model drift detected in production.', 'author': 'Moses'}
2025-09-15 01:41:29 | INFO | Sent message to topic 'buzzline_json': {'message': 'Kafka enables real-time pipelines for streaming use cases.', 'author': 'Moses'}
2025-09-15 01:41:30 | INFO | Sent message to topic 'buzzline_json': {'message': 'This message was sent by a custom producer script.', 'author': 'MK'}
2025-09-15 01:41:31 | INFO | Opening data file in read mode: /Users/USER/buzzline-03-moses/data/buzz.json
2025-09-15 01:41:31 | INFO | Reading data from file: /Users/USER/buzzline-03-moses/data/buzz.json
2025-09-15 01:41:31 | INFO | Sent message to topic 'buzzline_json': {'message': 'Data engineering is powerful.', 'author': 'Moses'}
2025-09-15 01:41:32 | INFO | Sent message to topic 'buzzline_json': {'message': 'MK-ALERT: Model drift detected in production.', 'author': 'Moses'}
2025-09-15 01:41:33 | INFO | Sent message to topic 'buzzline_json': {'message': 'Kafka enables real-time pipelines for streaming use cases.', 'author': 'Moses'}
2025-09-15 01:41:34 | INFO | Sent message to topic 'buzzline_json': {'message': 'This message was sent by a custom producer script.', 'author': 'MK'}
2025-09-15 01:41:36 | INFO | Opening data file in read mode: /Users/USER/buzzline-03-moses/data/buzz.json
2025-09-15 01:41:36 | INFO | Reading data from file: /Users/USER/buzzline-03-moses/data/buzz.json
2025-09-15 01:41:36 | INFO | Sent message to topic 'buzzline_json': {'message': 'Data engineering is powerful.', 'author': 'Moses'}
2025-09-15 01:41:37 | INFO | Sent message to topic 'buzzline_json': {'message': 'MK-ALERT: Model drift detected in production.', 'author': 'Moses'}
2025-09-15 01:41:38 | INFO | Sent message to topic 'buzzline_json': {'message': 'Kafka enables real-time pipelines for streaming use cases.', 'author': 'Moses'}
2025-09-15 01:41:39 | INFO | Sent message to topic 'buzzline_json': {'message': 'This message was sent by a custom producer script.', 'author': 'MK'}
2025-09-15 01:41:40 | INFO | Opening data file in read mode: /Users/USER/buzzline-03-moses/data/buzz.json
2025-09-15 01:41:40 | INFO | Reading data from file: /Users/USER/buzzline-03-moses/data/buzz.json
2025-09-15 01:41:40 | INFO | Sent message to topic 'buzzline_json': {'message': 'Data engineering is powerful.', 'author': 'Moses'}
2025-09-15 01:41:41 | INFO | Sent message to topic 'buzzline_json': {'message': 'MK-ALERT: Model drift detected in production.', 'author': 'Moses'}
2025-09-15 01:41:42 | INFO | Sent message to topic 'buzzline_json': {'message': 'Kafka enables real-time pipelines for streaming use cases.', 'author': 'Moses'}
2025-09-15 01:41:43 | INFO | Sent message to topic 'buzzline_json': {'message': 'This message was sent by a custom producer script.', 'author': 'MK'}
2025-09-15 01:41:44 | INFO | Opening data file in read mode: /Users/USER/buzzline-03-moses/data/buzz.json
2025-09-15 01:41:44 | INFO | Reading data from file: /Users/USER/buzzline-03-moses/data/buzz.json
2025-09-15 01:41:44 | INFO | Sent message to topic 'buzzline_json': {'message': 'Data engineering is powerful.', 'author': 'Moses'}
2025-09-15 01:41:45 | INFO | Sent message to topic 'buzzline_json': {'message': 'MK-ALERT: Model drift detected in production.', 'author': 'Moses'}
2025-09-15 01:41:46 | INFO | Sent message to topic 'buzzline_json': {'message': 'Kafka enables real-time pipelines for streaming use cases.', 'author': 'Moses'}
2025-09-15 01:41:47 | INFO | Sent message to topic 'buzzline_json': {'message': 'This message was sent by a custom producer script.', 'author': 'MK'}
2025-09-15 01:41:48 | INFO | Opening data file in read mode: /Users/USER/buzzline-03-moses/data/buzz.json
2025-09-15 01:41:48 | INFO | Reading data from file: /Users/USER/buzzline-03-moses/data/buzz.json
2025-09-15 01:41:48 | INFO | Sent message to topic 'buzzline_json': {'message': 'Data engineering is powerful.', 'author': 'Moses'}
2025-09-15 01:41:49 | INFO | Sent message to topic 'buzzline_json': {'message': 'MK-ALERT: Model drift detected in production.', 'author': 'Moses'}
2025-09-15 01:41:50 | INFO | Sent message to topic 'buzzline_json': {'message': 'Kafka enables real-time pipelines for streaming use cases.', 'author': 'Moses'}
2025-09-15 01:41:51 | INFO | Sent message to topic 'buzzline_json': {'message': 'This message was sent by a custom producer script.', 'author': 'MK'}
2025-09-15 01:41:52 | INFO | Opening data file in read mode: /Users/USER/buzzline-03-moses/data/buzz.json
2025-09-15 01:41:52 | INFO | Reading data from file: /Users/USER/buzzline-03-moses/data/buzz.json
2025-09-15 01:41:52 | INFO | Sent message to topic 'buzzline_json': {'message': 'Data engineering is powerful.', 'author': 'Moses'}
2025-09-15 01:41:53 | INFO | Sent message to topic 'buzzline_json': {'message': 'MK-ALERT: Model drift detected in production.', 'author': 'Moses'}
2025-09-15 01:41:54 | INFO | Sent message to topic 'buzzline_json': {'message': 'Kafka enables real-time pipelines for streaming use cases.', 'author': 'Moses'}
2025-09-15 01:41:55 | INFO | Sent message to topic 'buzzline_json': {'message': 'This message was sent by a custom producer script.', 'author': 'MK'}
2025-09-15 01:41:56 | INFO | Opening data file in read mode: /Users/USER/buzzline-03-moses/data/buzz.json
2025-09-15 01:41:56 | INFO | Reading data from file: /Users/USER/buzzline-03-moses/data/buzz.json
2025-09-15 01:41:56 | INFO | Sent message to topic 'buzzline_json': {'message': 'Data engineering is powerful.', 'author': 'Moses'}
2025-09-15 01:41:57 | INFO | Sent message to topic 'buzzline_json': {'message': 'MK-ALERT: Model drift detected in production.', 'author': 'Moses'}
2025-09-15 01:41:58 | INFO | Sent message to topic 'buzzline_json': {'message': 'Kafka enables real-time pipelines for streaming use cases.', 'author': 'Moses'}
2025-09-15 01:41:59 | INFO | Sent message to topic 'buzzline_json': {'message': 'This message was sent by a custom producer script.', 'author': 'MK'}
2025-09-15 01:42:00 | INFO | Opening data file in read mode: /Users/USER/buzzline-03-moses/data/buzz.json
2025-09-15 01:42:00 | INFO | Reading data from file: /Users/USER/buzzline-03-moses/data/buzz.json
2025-09-15 01:42:00 | INFO | Sent message to topic 'buzzline_json': {'message': 'Data engineering is powerful.', 'author': 'Moses'}
2025-09-15 01:42:01 | INFO | Sent message to topic 'buzzline_json': {'message': 'MK-ALERT: Model drift detected in production.', 'author': 'Moses'}
2025-09-15 01:42:02 | INFO | Sent message to topic 'buzzline_json': {'message': 'Kafka enables real-time pipelines for streaming use cases.', 'author': 'Moses'}
2025-09-15 01:42:03 | INFO | Sent message to topic 'buzzline_json': {'message': 'This message was sent by a custom producer script.', 'author': 'MK'}
2025-09-15 01:42:04 | INFO | Opening data file in read mode: /Users/USER/buzzline-03-moses/data/buzz.json
2025-09-15 01:42:04 | INFO | Reading data from file: /Users/USER/buzzline-03-moses/data/buzz.json
2025-09-15 01:42:04 | INFO | Sent message to topic 'buzzline_json': {'message': 'Data engineering is powerful.', 'author': 'Moses'}
2025-09-15 01:42:05 | INFO | Sent message to topic 'buzzline_json': {'message': 'MK-ALERT: Model drift detected in production.', 'author': 'Moses'}
2025-09-15 01:42:06 | INFO | Sent message to topic 'buzzline_json': {'message': 'Kafka enables real-time pipelines for streaming use cases.', 'author': 'Moses'}
2025-09-15 01:42:07 | INFO | Sent message to topic 'buzzline_json': {'message': 'This message was sent by a custom producer script.', 'author': 'MK'}
2025-09-15 01:42:08 | INFO | Opening data file in read mode: /Users/USER/buzzline-03-moses/data/buzz.json
2025-09-15 01:42:08 | INFO | Reading data from file: /Users/USER/buzzline-03-moses/data/buzz.json
2025-09-15 01:42:08 | INFO | Sent message to topic 'buzzline_json': {'message': 'Data engineering is powerful.', 'author': 'Moses'}
2025-09-15 01:42:09 | INFO | Sent message to topic 'buzzline_json': {'message': 'MK-ALERT: Model drift detected in production.', 'author': 'Moses'}
2025-09-15 01:42:10 | INFO | Sent message to topic 'buzzline_json': {'message': 'Kafka enables real-time pipelines for streaming use cases.', 'author': 'Moses'}
2025-09-15 01:42:11 | INFO | Sent message to topic 'buzzline_json': {'message': 'This message was sent by a custom producer script.', 'author': 'MK'}
2025-09-15 01:42:12 | INFO | Opening data file in read mode: /Users/USER/buzzline-03-moses/data/buzz.json
2025-09-15 01:42:12 | INFO | Reading data from file: /Users/USER/buzzline-03-moses/data/buzz.json
2025-09-15 01:42:12 | INFO | Sent message to topic 'buzzline_json': {'message': 'Data engineering is powerful.', 'author': 'Moses'}
2025-09-15 01:42:13 | INFO | Sent message to topic 'buzzline_json': {'message': 'MK-ALERT: Model drift detected in production.', 'author': 'Moses'}
2025-09-15 01:42:14 | INFO | Sent message to topic 'buzzline_json': {'message': 'Kafka enables real-time pipelines for streaming use cases.', 'author': 'Moses'}
2025-09-15 01:42:15 | INFO | Sent message to topic 'buzzline_json': {'message': 'This message was sent by a custom producer script.', 'author': 'MK'}
2025-09-15 01:42:16 | INFO | Opening data file in read mode: /Users/USER/buzzline-03-moses/data/buzz.json
2025-09-15 01:42:16 | INFO | Reading data from file: /Users/USER/buzzline-03-moses/data/buzz.json
2025-09-15 01:42:16 | INFO | Sent message to topic 'buzzline_json': {'message': 'Data engineering is powerful.', 'author': 'Moses'}
2025-09-15 01:42:17 | INFO | Sent message to topic 'buzzline_json': {'message': 'MK-ALERT: Model drift detected in production.', 'author': 'Moses'}
2025-09-15 01:42:18 | INFO | Sent message to topic 'buzzline_json': {'message': 'Kafka enables real-time pipelines for streaming use cases.', 'author': 'Moses'}
2025-09-15 01:42:19 | INFO | Sent message to topic 'buzzline_json': {'message': 'This message was sent by a custom producer script.', 'author': 'MK'}
2025-09-15 01:42:20 | INFO | Opening data file in read mode: /Users/USER/buzzline-03-moses/data/buzz.json
2025-09-15 01:42:20 | INFO | Reading data from file: /Users/USER/buzzline-03-moses/data/buzz.json
2025-09-15 01:42:20 | INFO | Sent message to topic 'buzzline_json': {'message': 'Data engineering is powerful.', 'author': 'Moses'}
2025-09-15 01:42:21 | INFO | Sent message to topic 'buzzline_json': {'message': 'MK-ALERT: Model drift detected in production.', 'author': 'Moses'}
2025-09-15 01:42:22 | INFO | Sent message to topic 'buzzline_json': {'message': 'Kafka enables real-time pipelines for streaming use cases.', 'author': 'Moses'}
2025-09-15 01:42:23 | INFO | Sent message to topic 'buzzline_json': {'message': 'This message was sent by a custom producer script.', 'author': 'MK'}
2025-09-15 01:42:24 | INFO | Opening data file in read mode: /Users/USER/buzzline-03-moses/data/buzz.json
2025-09-15 01:42:24 | INFO | Reading data from file: /Users/USER/buzzline-03-moses/data/buzz.json
2025-09-15 01:42:24 | INFO | Sent message to topic 'buzzline_json': {'message': 'Data engineering is powerful.', 'author': 'Moses'}
2025-09-15 01:42:25 | INFO | Sent message to topic 'buzzline_json': {'message': 'MK-ALERT: Model drift detected in production.', 'author': 'Moses'}
2025-09-15 01:42:26 | INFO | Sent message to topic 'buzzline_json': {'message': 'Kafka enables real-time pipelines for streaming use cases.', 'author': 'Moses'}
